[0.516s] Invoking command in '/home/yuukikawai-kamlab/sdk-examples/python/oak/ros2': PYTHONPATH=/home/yuukikawai-kamlab/sdk-examples/python/oak/ros2/build/spectacularai_depthai/prefix_override:/usr/lib/python3/dist-packages/colcon_core/task/python/colcon_distutils_commands:/home/yuukikawai-kamlab/sdk-examples/python/oak/ros2/install/spectacularai_depthai/lib/python3.10/site-packages:${PYTHONPATH} /usr/bin/python3 -W ignore:setup.py install is deprecated setup.py egg_info --egg-base build/spectacularai_depthai build --build-base /home/yuukikawai-kamlab/sdk-examples/python/oak/ros2/build/spectacularai_depthai/build install --record /home/yuukikawai-kamlab/sdk-examples/python/oak/ros2/build/spectacularai_depthai/install.log --single-version-externally-managed install_data
[0.723s] running egg_info
[0.724s] creating build/spectacularai_depthai/spectacularai_depthai.egg-info
[0.724s] writing build/spectacularai_depthai/spectacularai_depthai.egg-info/PKG-INFO
[0.724s] writing dependency_links to build/spectacularai_depthai/spectacularai_depthai.egg-info/dependency_links.txt
[0.724s] writing entry points to build/spectacularai_depthai/spectacularai_depthai.egg-info/entry_points.txt
[0.724s] writing requirements to build/spectacularai_depthai/spectacularai_depthai.egg-info/requires.txt
[0.724s] writing top-level names to build/spectacularai_depthai/spectacularai_depthai.egg-info/top_level.txt
[0.724s] writing manifest file 'build/spectacularai_depthai/spectacularai_depthai.egg-info/SOURCES.txt'
[0.726s] reading manifest file 'build/spectacularai_depthai/spectacularai_depthai.egg-info/SOURCES.txt'
[0.726s] writing manifest file 'build/spectacularai_depthai/spectacularai_depthai.egg-info/SOURCES.txt'
[0.726s] running build
[0.726s] running build_py
[0.726s] creating /home/yuukikawai-kamlab/sdk-examples/python/oak/ros2/build/spectacularai_depthai/build
[0.726s] creating /home/yuukikawai-kamlab/sdk-examples/python/oak/ros2/build/spectacularai_depthai/build/lib
[0.727s] creating /home/yuukikawai-kamlab/sdk-examples/python/oak/ros2/build/spectacularai_depthai/build/lib/spectacularai_depthai
[0.727s] copying spectacularai_depthai/__init__.py -> /home/yuukikawai-kamlab/sdk-examples/python/oak/ros2/build/spectacularai_depthai/build/lib/spectacularai_depthai
[0.727s] copying spectacularai_depthai/ros2_node.py -> /home/yuukikawai-kamlab/sdk-examples/python/oak/ros2/build/spectacularai_depthai/build/lib/spectacularai_depthai
[0.727s] running install
[0.727s] running install_lib
[0.728s] creating /home/yuukikawai-kamlab/sdk-examples/python/oak/ros2/install/spectacularai_depthai/lib/python3.10/site-packages/spectacularai_depthai
[0.728s] copying /home/yuukikawai-kamlab/sdk-examples/python/oak/ros2/build/spectacularai_depthai/build/lib/spectacularai_depthai/__init__.py -> /home/yuukikawai-kamlab/sdk-examples/python/oak/ros2/install/spectacularai_depthai/lib/python3.10/site-packages/spectacularai_depthai
[0.728s] copying /home/yuukikawai-kamlab/sdk-examples/python/oak/ros2/build/spectacularai_depthai/build/lib/spectacularai_depthai/ros2_node.py -> /home/yuukikawai-kamlab/sdk-examples/python/oak/ros2/install/spectacularai_depthai/lib/python3.10/site-packages/spectacularai_depthai
[0.728s] byte-compiling /home/yuukikawai-kamlab/sdk-examples/python/oak/ros2/install/spectacularai_depthai/lib/python3.10/site-packages/spectacularai_depthai/__init__.py to __init__.cpython-310.pyc
[0.729s] byte-compiling /home/yuukikawai-kamlab/sdk-examples/python/oak/ros2/install/spectacularai_depthai/lib/python3.10/site-packages/spectacularai_depthai/ros2_node.py to ros2_node.cpython-310.pyc
[0.730s] running install_data
[0.730s] creating /home/yuukikawai-kamlab/sdk-examples/python/oak/ros2/install/spectacularai_depthai/share/ament_index
[0.730s] creating /home/yuukikawai-kamlab/sdk-examples/python/oak/ros2/install/spectacularai_depthai/share/ament_index/resource_index
[0.730s] creating /home/yuukikawai-kamlab/sdk-examples/python/oak/ros2/install/spectacularai_depthai/share/ament_index/resource_index/packages
[0.730s] copying resource/spectacularai_depthai -> /home/yuukikawai-kamlab/sdk-examples/python/oak/ros2/install/spectacularai_depthai/share/ament_index/resource_index/packages
[0.730s] copying package.xml -> /home/yuukikawai-kamlab/sdk-examples/python/oak/ros2/install/spectacularai_depthai/share/spectacularai_depthai
[0.730s] running install_egg_info
[0.732s] Copying build/spectacularai_depthai/spectacularai_depthai.egg-info to /home/yuukikawai-kamlab/sdk-examples/python/oak/ros2/install/spectacularai_depthai/lib/python3.10/site-packages/spectacularai_depthai-0.0.1-py3.10.egg-info
[0.732s] running install_scripts
[0.748s] Installing ros2_node script to /home/yuukikawai-kamlab/sdk-examples/python/oak/ros2/install/spectacularai_depthai/lib/spectacularai_depthai
[0.748s] writing list of installed files to '/home/yuukikawai-kamlab/sdk-examples/python/oak/ros2/build/spectacularai_depthai/install.log'
[0.764s] Invoked command in '/home/yuukikawai-kamlab/sdk-examples/python/oak/ros2' returned '0': PYTHONPATH=/home/yuukikawai-kamlab/sdk-examples/python/oak/ros2/build/spectacularai_depthai/prefix_override:/usr/lib/python3/dist-packages/colcon_core/task/python/colcon_distutils_commands:/home/yuukikawai-kamlab/sdk-examples/python/oak/ros2/install/spectacularai_depthai/lib/python3.10/site-packages:${PYTHONPATH} /usr/bin/python3 -W ignore:setup.py install is deprecated setup.py egg_info --egg-base build/spectacularai_depthai build --build-base /home/yuukikawai-kamlab/sdk-examples/python/oak/ros2/build/spectacularai_depthai/build install --record /home/yuukikawai-kamlab/sdk-examples/python/oak/ros2/build/spectacularai_depthai/install.log --single-version-externally-managed install_data
