[0.511s] Invoking command in '/home/yuukikawai-kamlab/spectacularai_ros2': PYTHONPATH=/home/yuukikawai-kamlab/spectacularai_ros2/build/spectacularai_depthai/prefix_override:/usr/lib/python3/dist-packages/colcon_core/task/python/colcon_distutils_commands:/home/yuukikawai-kamlab/spectacularai_ros2/install/spectacularai_depthai/lib/python3.10/site-packages:${PYTHONPATH} /usr/bin/python3 -W ignore:setup.py install is deprecated setup.py egg_info --egg-base build/spectacularai_depthai build --build-base /home/yuukikawai-kamlab/spectacularai_ros2/build/spectacularai_depthai/build install --record /home/yuukikawai-kamlab/spectacularai_ros2/build/spectacularai_depthai/install.log --single-version-externally-managed install_data
[0.717s] running egg_info
[0.717s] writing build/spectacularai_depthai/spectacularai_depthai.egg-info/PKG-INFO
[0.717s] writing dependency_links to build/spectacularai_depthai/spectacularai_depthai.egg-info/dependency_links.txt
[0.717s] writing entry points to build/spectacularai_depthai/spectacularai_depthai.egg-info/entry_points.txt
[0.717s] writing requirements to build/spectacularai_depthai/spectacularai_depthai.egg-info/requires.txt
[0.717s] writing top-level names to build/spectacularai_depthai/spectacularai_depthai.egg-info/top_level.txt
[0.719s] reading manifest file 'build/spectacularai_depthai/spectacularai_depthai.egg-info/SOURCES.txt'
[0.719s] writing manifest file 'build/spectacularai_depthai/spectacularai_depthai.egg-info/SOURCES.txt'
[0.719s] running build
[0.719s] running build_py
[0.720s] running install
[0.720s] running install_lib
[0.721s] running install_data
[0.721s] running install_egg_info
[0.722s] removing '/home/yuukikawai-kamlab/spectacularai_ros2/install/spectacularai_depthai/lib/python3.10/site-packages/spectacularai_depthai-0.0.1-py3.10.egg-info' (and everything under it)
[0.722s] Copying build/spectacularai_depthai/spectacularai_depthai.egg-info to /home/yuukikawai-kamlab/spectacularai_ros2/install/spectacularai_depthai/lib/python3.10/site-packages/spectacularai_depthai-0.0.1-py3.10.egg-info
[0.723s] running install_scripts
[0.738s] Installing color_mapping_node script to /home/yuukikawai-kamlab/spectacularai_ros2/install/spectacularai_depthai/lib/spectacularai_depthai
[0.738s] Installing ros2_node script to /home/yuukikawai-kamlab/spectacularai_ros2/install/spectacularai_depthai/lib/spectacularai_depthai
[0.738s] writing list of installed files to '/home/yuukikawai-kamlab/spectacularai_ros2/build/spectacularai_depthai/install.log'
[0.753s] Invoked command in '/home/yuukikawai-kamlab/spectacularai_ros2' returned '0': PYTHONPATH=/home/yuukikawai-kamlab/spectacularai_ros2/build/spectacularai_depthai/prefix_override:/usr/lib/python3/dist-packages/colcon_core/task/python/colcon_distutils_commands:/home/yuukikawai-kamlab/spectacularai_ros2/install/spectacularai_depthai/lib/python3.10/site-packages:${PYTHONPATH} /usr/bin/python3 -W ignore:setup.py install is deprecated setup.py egg_info --egg-base build/spectacularai_depthai build --build-base /home/yuukikawai-kamlab/spectacularai_ros2/build/spectacularai_depthai/build install --record /home/yuukikawai-kamlab/spectacularai_ros2/build/spectacularai_depthai/install.log --single-version-externally-managed install_data
