[0.534s] Invoking command in '/home/yuukikawai-kamlab/sdk-examples/python/oak/ros2': PYTHONPATH=/home/yuukikawai-kamlab/sdk-examples/python/oak/ros2/build/spectacularai_depthai/prefix_override:/usr/lib/python3/dist-packages/colcon_core/task/python/colcon_distutils_commands:/home/yuukikawai-kamlab/sdk-examples/python/oak/ros2/install/spectacularai_depthai/lib/python3.10/site-packages:${PYTHONPATH} /usr/bin/python3 -W ignore:setup.py install is deprecated setup.py egg_info --egg-base build/spectacularai_depthai build --build-base /home/yuukikawai-kamlab/sdk-examples/python/oak/ros2/build/spectacularai_depthai/build install --record /home/yuukikawai-kamlab/sdk-examples/python/oak/ros2/build/spectacularai_depthai/install.log --single-version-externally-managed install_data
[0.740s] running egg_info
[0.741s] writing build/spectacularai_depthai/spectacularai_depthai.egg-info/PKG-INFO
[0.741s] writing dependency_links to build/spectacularai_depthai/spectacularai_depthai.egg-info/dependency_links.txt
[0.741s] writing entry points to build/spectacularai_depthai/spectacularai_depthai.egg-info/entry_points.txt
[0.741s] writing requirements to build/spectacularai_depthai/spectacularai_depthai.egg-info/requires.txt
[0.741s] writing top-level names to build/spectacularai_depthai/spectacularai_depthai.egg-info/top_level.txt
[0.742s] reading manifest file 'build/spectacularai_depthai/spectacularai_depthai.egg-info/SOURCES.txt'
[0.743s] writing manifest file 'build/spectacularai_depthai/spectacularai_depthai.egg-info/SOURCES.txt'
[0.743s] running build
[0.743s] running build_py
[0.743s] running install
[0.743s] running install_lib
[0.744s] running install_data
[0.744s] running install_egg_info
[0.746s] removing '/home/yuukikawai-kamlab/sdk-examples/python/oak/ros2/install/spectacularai_depthai/lib/python3.10/site-packages/spectacularai_depthai-0.0.1-py3.10.egg-info' (and everything under it)
[0.746s] Copying build/spectacularai_depthai/spectacularai_depthai.egg-info to /home/yuukikawai-kamlab/sdk-examples/python/oak/ros2/install/spectacularai_depthai/lib/python3.10/site-packages/spectacularai_depthai-0.0.1-py3.10.egg-info
[0.747s] running install_scripts
[0.762s] Installing ros2_node script to /home/yuukikawai-kamlab/sdk-examples/python/oak/ros2/install/spectacularai_depthai/lib/spectacularai_depthai
[0.762s] writing list of installed files to '/home/yuukikawai-kamlab/sdk-examples/python/oak/ros2/build/spectacularai_depthai/install.log'
[0.777s] Invoked command in '/home/yuukikawai-kamlab/sdk-examples/python/oak/ros2' returned '0': PYTHONPATH=/home/yuukikawai-kamlab/sdk-examples/python/oak/ros2/build/spectacularai_depthai/prefix_override:/usr/lib/python3/dist-packages/colcon_core/task/python/colcon_distutils_commands:/home/yuukikawai-kamlab/sdk-examples/python/oak/ros2/install/spectacularai_depthai/lib/python3.10/site-packages:${PYTHONPATH} /usr/bin/python3 -W ignore:setup.py install is deprecated setup.py egg_info --egg-base build/spectacularai_depthai build --build-base /home/yuukikawai-kamlab/sdk-examples/python/oak/ros2/build/spectacularai_depthai/build install --record /home/yuukikawai-kamlab/sdk-examples/python/oak/ros2/build/spectacularai_depthai/install.log --single-version-externally-managed install_data
