[0.088s] DEBUG:colcon:Command line arguments: ['/usr/bin/colcon', 'build']
[0.088s] DEBUG:colcon:Parsed command line arguments: Namespace(log_base=None, log_level=None, verb_name='build', build_base='build', install_base='install', merge_install=False, symlink_install=False, test_result_base=None, continue_on_error=False, executor='parallel', parallel_workers=12, event_handlers=None, ignore_user_meta=False, metas=['./colcon.meta'], base_paths=['.'], packages_ignore=None, packages_ignore_regex=None, paths=None, packages_up_to=None, packages_up_to_regex=None, packages_above=None, packages_above_and_dependencies=None, packages_above_depth=None, packages_select_by_dep=None, packages_skip_by_dep=None, packages_skip_up_to=None, packages_select_build_failed=False, packages_skip_build_finished=False, packages_select_test_failures=False, packages_skip_test_passed=False, packages_select=None, packages_skip=None, packages_select_regex=None, packages_skip_regex=None, packages_start=None, packages_end=None, allow_overriding=[], cmake_args=None, cmake_target=None, cmake_target_skip_unavailable=False, cmake_clean_cache=False, cmake_clean_first=False, cmake_force_configure=False, ament_cmake_args=None, catkin_cmake_args=None, catkin_skip_building_tests=False, mixin_files=None, mixin=None, verb_parser=<colcon_mixin.mixin.mixin_argument.MixinArgumentDecorator object at 0x731541f4bb50>, verb_extension=<colcon_core.verb.build.BuildVerb object at 0x731541f4b6a0>, main=<bound method BuildVerb.main of <colcon_core.verb.build.BuildVerb object at 0x731541f4b6a0>>, mixin_verb=('build',))
[0.245s] Level 1:colcon.colcon_core.package_discovery:discover_packages(colcon_meta) check parameters
[0.245s] Level 1:colcon.colcon_core.package_discovery:discover_packages(recursive) check parameters
[0.245s] Level 1:colcon.colcon_core.package_discovery:discover_packages(ignore) check parameters
[0.245s] Level 1:colcon.colcon_core.package_discovery:discover_packages(path) check parameters
[0.245s] Level 1:colcon.colcon_core.package_discovery:discover_packages(colcon_meta) discover
[0.245s] Level 1:colcon.colcon_core.package_discovery:discover_packages(recursive) discover
[0.245s] INFO:colcon.colcon_core.package_discovery:Crawling recursively for packages in '/home/yuukikawai-kamlab/sdk-examples/python/oak/ros2'
[0.245s] Level 1:colcon.colcon_core.package_identification:_identify(.) by extensions ['ignore', 'ignore_ament_install']
[0.245s] Level 1:colcon.colcon_core.package_identification:_identify(.) by extension 'ignore'
[0.245s] Level 1:colcon.colcon_core.package_identification:_identify(.) by extension 'ignore_ament_install'
[0.245s] Level 1:colcon.colcon_core.package_identification:_identify(.) by extensions ['colcon_pkg']
[0.245s] Level 1:colcon.colcon_core.package_identification:_identify(.) by extension 'colcon_pkg'
[0.245s] Level 1:colcon.colcon_core.package_identification:_identify(.) by extensions ['colcon_meta']
[0.245s] Level 1:colcon.colcon_core.package_identification:_identify(.) by extension 'colcon_meta'
[0.245s] Level 1:colcon.colcon_core.package_identification:_identify(.) by extensions ['ros']
[0.245s] Level 1:colcon.colcon_core.package_identification:_identify(.) by extension 'ros'
[0.261s] DEBUG:colcon.colcon_core.package_identification:Package '.' with type 'ros.ament_python' and name 'spectacularai_depthai'
[0.261s] Level 1:colcon.colcon_core.package_discovery:discover_packages(recursive) using defaults
[0.261s] Level 1:colcon.colcon_core.package_discovery:discover_packages(ignore) discover
[0.261s] Level 1:colcon.colcon_core.package_discovery:discover_packages(ignore) using defaults
[0.261s] Level 1:colcon.colcon_core.package_discovery:discover_packages(path) discover
[0.261s] Level 1:colcon.colcon_core.package_discovery:discover_packages(path) using defaults
[0.275s] Level 1:colcon.colcon_core.package_discovery:discover_packages(prefix_path) check parameters
[0.275s] Level 1:colcon.colcon_core.package_discovery:discover_packages(prefix_path) discover
[0.276s] WARNING:colcon.colcon_ros.prefix_path.catkin:The path '/home/yuukikawai-kamlab/.local/lib/python3.10/site-packages/depthai/share/cmake' in the environment variable CMAKE_PREFIX_PATH doesn't exist
[0.276s] DEBUG:colcon.colcon_installed_package_information.package_discovery:Found 1 installed packages in /home/yuukikawai-kamlab/sdk-examples/python/oak/ros2/install
[0.277s] DEBUG:colcon.colcon_installed_package_information.package_discovery:Found 2 installed packages in /home/yuukikawai-kamlab/ros2_ws/install
[0.278s] DEBUG:colcon.colcon_installed_package_information.package_discovery:Found 420 installed packages in /opt/ros/humble
[0.280s] Level 1:colcon.colcon_core.package_discovery:discover_packages(prefix_path) using defaults
[0.320s] Level 5:colcon.colcon_core.verb:set package 'spectacularai_depthai' build argument 'cmake_args' from command line to 'None'
[0.320s] Level 5:colcon.colcon_core.verb:set package 'spectacularai_depthai' build argument 'cmake_target' from command line to 'None'
[0.320s] Level 5:colcon.colcon_core.verb:set package 'spectacularai_depthai' build argument 'cmake_target_skip_unavailable' from command line to 'False'
[0.320s] Level 5:colcon.colcon_core.verb:set package 'spectacularai_depthai' build argument 'cmake_clean_cache' from command line to 'False'
[0.320s] Level 5:colcon.colcon_core.verb:set package 'spectacularai_depthai' build argument 'cmake_clean_first' from command line to 'False'
[0.320s] Level 5:colcon.colcon_core.verb:set package 'spectacularai_depthai' build argument 'cmake_force_configure' from command line to 'False'
[0.320s] Level 5:colcon.colcon_core.verb:set package 'spectacularai_depthai' build argument 'ament_cmake_args' from command line to 'None'
[0.320s] Level 5:colcon.colcon_core.verb:set package 'spectacularai_depthai' build argument 'catkin_cmake_args' from command line to 'None'
[0.320s] Level 5:colcon.colcon_core.verb:set package 'spectacularai_depthai' build argument 'catkin_skip_building_tests' from command line to 'False'
[0.320s] DEBUG:colcon.colcon_core.verb:Building package 'spectacularai_depthai' with the following arguments: {'ament_cmake_args': None, 'build_base': '/home/yuukikawai-kamlab/sdk-examples/python/oak/ros2/build/spectacularai_depthai', 'catkin_cmake_args': None, 'catkin_skip_building_tests': False, 'cmake_args': None, 'cmake_clean_cache': False, 'cmake_clean_first': False, 'cmake_force_configure': False, 'cmake_target': None, 'cmake_target_skip_unavailable': False, 'install_base': '/home/yuukikawai-kamlab/sdk-examples/python/oak/ros2/install/spectacularai_depthai', 'merge_install': False, 'path': '/home/yuukikawai-kamlab/sdk-examples/python/oak/ros2', 'symlink_install': False, 'test_result_base': None}
[0.320s] INFO:colcon.colcon_core.executor:Executing jobs using 'parallel' executor
[0.321s] DEBUG:colcon.colcon_parallel_executor.executor.parallel:run_until_complete
[0.321s] INFO:colcon.colcon_ros.task.ament_python.build:Building ROS package in '/home/yuukikawai-kamlab/sdk-examples/python/oak/ros2' with build type 'ament_python'
[0.321s] Level 1:colcon.colcon_core.shell:create_environment_hook('spectacularai_depthai', 'ament_prefix_path')
[0.322s] INFO:colcon.colcon_core.plugin_system:Skipping extension 'colcon_core.shell.bat': Not used on non-Windows systems
[0.323s] INFO:colcon.colcon_core.shell:Creating environment hook '/home/yuukikawai-kamlab/sdk-examples/python/oak/ros2/install/spectacularai_depthai/share/spectacularai_depthai/hook/ament_prefix_path.ps1'
[0.323s] INFO:colcon.colcon_core.shell:Creating environment descriptor '/home/yuukikawai-kamlab/sdk-examples/python/oak/ros2/install/spectacularai_depthai/share/spectacularai_depthai/hook/ament_prefix_path.dsv'
[0.323s] INFO:colcon.colcon_core.shell:Creating environment hook '/home/yuukikawai-kamlab/sdk-examples/python/oak/ros2/install/spectacularai_depthai/share/spectacularai_depthai/hook/ament_prefix_path.sh'
[0.324s] INFO:colcon.colcon_core.shell:Skip shell extension 'powershell' for command environment: Not usable outside of PowerShell
[0.324s] DEBUG:colcon.colcon_core.shell:Skip shell extension 'dsv' for command environment
[0.551s] INFO:colcon.colcon_core.task.python.build:Building Python package in '/home/yuukikawai-kamlab/sdk-examples/python/oak/ros2'
[0.551s] INFO:colcon.colcon_core.shell:Skip shell extension 'powershell' for command environment: Not usable outside of PowerShell
[0.551s] DEBUG:colcon.colcon_core.shell:Skip shell extension 'dsv' for command environment
[0.845s] DEBUG:colcon.colcon_core.event_handler.log_command:Invoking command in '/home/yuukikawai-kamlab/sdk-examples/python/oak/ros2': PYTHONPATH=/home/yuukikawai-kamlab/sdk-examples/python/oak/ros2/build/spectacularai_depthai/prefix_override:/usr/lib/python3/dist-packages/colcon_core/task/python/colcon_distutils_commands:/home/yuukikawai-kamlab/sdk-examples/python/oak/ros2/install/spectacularai_depthai/lib/python3.10/site-packages:${PYTHONPATH} /usr/bin/python3 -W ignore:setup.py install is deprecated setup.py egg_info --egg-base build/spectacularai_depthai build --build-base /home/yuukikawai-kamlab/sdk-examples/python/oak/ros2/build/spectacularai_depthai/build install --record /home/yuukikawai-kamlab/sdk-examples/python/oak/ros2/build/spectacularai_depthai/install.log --single-version-externally-managed install_data
[1.092s] DEBUG:colcon.colcon_core.event_handler.log_command:Invoked command in '/home/yuukikawai-kamlab/sdk-examples/python/oak/ros2' returned '0': PYTHONPATH=/home/yuukikawai-kamlab/sdk-examples/python/oak/ros2/build/spectacularai_depthai/prefix_override:/usr/lib/python3/dist-packages/colcon_core/task/python/colcon_distutils_commands:/home/yuukikawai-kamlab/sdk-examples/python/oak/ros2/install/spectacularai_depthai/lib/python3.10/site-packages:${PYTHONPATH} /usr/bin/python3 -W ignore:setup.py install is deprecated setup.py egg_info --egg-base build/spectacularai_depthai build --build-base /home/yuukikawai-kamlab/sdk-examples/python/oak/ros2/build/spectacularai_depthai/build install --record /home/yuukikawai-kamlab/sdk-examples/python/oak/ros2/build/spectacularai_depthai/install.log --single-version-externally-managed install_data
[1.094s] Level 1:colcon.colcon_core.environment:checking '/home/yuukikawai-kamlab/sdk-examples/python/oak/ros2/install/spectacularai_depthai' for CMake module files
[1.094s] Level 1:colcon.colcon_core.environment:checking '/home/yuukikawai-kamlab/sdk-examples/python/oak/ros2/install/spectacularai_depthai' for CMake config files
[1.095s] Level 1:colcon.colcon_core.environment:checking '/home/yuukikawai-kamlab/sdk-examples/python/oak/ros2/install/spectacularai_depthai/lib'
[1.095s] Level 1:colcon.colcon_core.environment:checking '/home/yuukikawai-kamlab/sdk-examples/python/oak/ros2/install/spectacularai_depthai/bin'
[1.095s] Level 1:colcon.colcon_core.environment:checking '/home/yuukikawai-kamlab/sdk-examples/python/oak/ros2/install/spectacularai_depthai/lib/pkgconfig/spectacularai_depthai.pc'
[1.095s] Level 1:colcon.colcon_core.environment:checking '/home/yuukikawai-kamlab/sdk-examples/python/oak/ros2/install/spectacularai_depthai/lib/python3.10/site-packages'
[1.095s] Level 1:colcon.colcon_core.shell:create_environment_hook('spectacularai_depthai', 'pythonpath')
[1.095s] INFO:colcon.colcon_core.shell:Creating environment hook '/home/yuukikawai-kamlab/sdk-examples/python/oak/ros2/install/spectacularai_depthai/share/spectacularai_depthai/hook/pythonpath.ps1'
[1.096s] INFO:colcon.colcon_core.shell:Creating environment descriptor '/home/yuukikawai-kamlab/sdk-examples/python/oak/ros2/install/spectacularai_depthai/share/spectacularai_depthai/hook/pythonpath.dsv'
[1.096s] INFO:colcon.colcon_core.shell:Creating environment hook '/home/yuukikawai-kamlab/sdk-examples/python/oak/ros2/install/spectacularai_depthai/share/spectacularai_depthai/hook/pythonpath.sh'
[1.096s] Level 1:colcon.colcon_core.environment:checking '/home/yuukikawai-kamlab/sdk-examples/python/oak/ros2/install/spectacularai_depthai/bin'
[1.096s] Level 1:colcon.colcon_core.environment:create_environment_scripts_only(spectacularai_depthai)
[1.097s] INFO:colcon.colcon_core.shell:Creating package script '/home/yuukikawai-kamlab/sdk-examples/python/oak/ros2/install/spectacularai_depthai/share/spectacularai_depthai/package.ps1'
[1.097s] INFO:colcon.colcon_core.shell:Creating package descriptor '/home/yuukikawai-kamlab/sdk-examples/python/oak/ros2/install/spectacularai_depthai/share/spectacularai_depthai/package.dsv'
[1.098s] INFO:colcon.colcon_core.shell:Creating package script '/home/yuukikawai-kamlab/sdk-examples/python/oak/ros2/install/spectacularai_depthai/share/spectacularai_depthai/package.sh'
[1.098s] INFO:colcon.colcon_core.shell:Creating package script '/home/yuukikawai-kamlab/sdk-examples/python/oak/ros2/install/spectacularai_depthai/share/spectacularai_depthai/package.bash'
[1.099s] INFO:colcon.colcon_core.shell:Creating package script '/home/yuukikawai-kamlab/sdk-examples/python/oak/ros2/install/spectacularai_depthai/share/spectacularai_depthai/package.zsh'
[1.099s] Level 1:colcon.colcon_core.environment:create_file_with_runtime_dependencies(/home/yuukikawai-kamlab/sdk-examples/python/oak/ros2/install/spectacularai_depthai/share/colcon-core/packages/spectacularai_depthai)
[1.099s] DEBUG:colcon.colcon_parallel_executor.executor.parallel:closing loop
[1.100s] DEBUG:colcon.colcon_parallel_executor.executor.parallel:loop closed
[1.100s] DEBUG:colcon.colcon_parallel_executor.executor.parallel:run_until_complete finished with '0'
[1.100s] DEBUG:colcon.colcon_core.event_reactor:joining thread
[1.104s] INFO:colcon.colcon_core.plugin_system:Skipping extension 'colcon_notification.desktop_notification.terminal_notifier': Not used on non-Darwin systems
[1.104s] INFO:colcon.colcon_core.plugin_system:Skipping extension 'colcon_notification.desktop_notification.win32': Not used on non-Windows systems
[1.104s] INFO:colcon.colcon_notification.desktop_notification:Sending desktop notification using 'notify2'
[1.112s] DEBUG:colcon.colcon_core.event_reactor:joined thread
[1.113s] INFO:colcon.colcon_core.shell:Creating prefix script '/home/yuukikawai-kamlab/sdk-examples/python/oak/ros2/install/local_setup.ps1'
[1.113s] INFO:colcon.colcon_core.shell:Creating prefix util module '/home/yuukikawai-kamlab/sdk-examples/python/oak/ros2/install/_local_setup_util_ps1.py'
[1.114s] INFO:colcon.colcon_core.shell:Creating prefix chain script '/home/yuukikawai-kamlab/sdk-examples/python/oak/ros2/install/setup.ps1'
[1.115s] INFO:colcon.colcon_core.shell:Creating prefix script '/home/yuukikawai-kamlab/sdk-examples/python/oak/ros2/install/local_setup.sh'
[1.116s] INFO:colcon.colcon_core.shell:Creating prefix util module '/home/yuukikawai-kamlab/sdk-examples/python/oak/ros2/install/_local_setup_util_sh.py'
[1.116s] INFO:colcon.colcon_core.shell:Creating prefix chain script '/home/yuukikawai-kamlab/sdk-examples/python/oak/ros2/install/setup.sh'
[1.117s] INFO:colcon.colcon_core.shell:Creating prefix script '/home/yuukikawai-kamlab/sdk-examples/python/oak/ros2/install/local_setup.bash'
[1.118s] INFO:colcon.colcon_core.shell:Creating prefix chain script '/home/yuukikawai-kamlab/sdk-examples/python/oak/ros2/install/setup.bash'
[1.118s] INFO:colcon.colcon_core.shell:Creating prefix script '/home/yuukikawai-kamlab/sdk-examples/python/oak/ros2/install/local_setup.zsh'
[1.119s] INFO:colcon.colcon_core.shell:Creating prefix chain script '/home/yuukikawai-kamlab/sdk-examples/python/oak/ros2/install/setup.zsh'
